# JRE version: OpenJDK Runtime Environment Temurin-17.0.15+6 (17.0.15+6) (build 17.0.15+6)
# Java VM: OpenJDK 64-Bit Server VM Temurin-17.0.15+6 (17.0.15+6, mixed mode, sharing, tiered, compressed oops, compressed class ptrs, g1 gc, windows-amd64)
GC Precious Log:
 CPUs: 16 total, 16 available
 Memory: 24283M
 Large Page Support: Disabled
 NUMA Support: Disabled
 Compressed Oops: Enabled (Zero based)
 Heap Region Size: 4M
 Heap Min Capacity: 8M
 Heap Initial Capacity: 380M
 Heap Max Capacity: 8G
 Pre-touch: Disabled
 Parallel Workers: 13
 Concurrent Workers: 3
 Concurrent Refinement Workers: 13
 Periodic GC: Disabled
Heap:
 garbage-first heap   total 315392K, used 202994K [0x0000000600000000, 0x0000000800000000)
  region size 4096K, 8 young (32768K), 1 survivors (4096K)
 Metaspace       used 156669K, committed 157696K, reserved 1245184K
  class space    used 20653K, committed 21120K, reserved 1048576K
GC Heap History (20 events):
Event: 19.959 GC heap before
{Heap before GC invocations=52 (full 0):
 garbage-first heap   total 221184K, used 186599K [0x0000000600000000, 0x0000000800000000)
  region size 4096K, 7 young (28672K), 1 survivors (4096K)
 Metaspace       used 121102K, committed 121984K, reserved 1179648K
  class space    used 16446K, committed 16832K, reserved 1048576K
}
Event: 19.962 GC heap after
{Heap after GC invocations=53 (full 0):
 garbage-first heap   total 221184K, used 164327K [0x0000000600000000, 0x0000000800000000)
  region size 4096K, 1 young (4096K), 1 survivors (4096K)
 Metaspace       used 121102K, committed 121984K, reserved 1179648K
  class space    used 16446K, committed 16832K, reserved 1048576K
}
Event: 20.401 GC heap before
{Heap before GC invocations=53 (full 0):
 garbage-first heap   total 221184K, used 180711K [0x0000000600000000, 0x0000000800000000)
  region size 4096K, 6 young (24576K), 1 survivors (4096K)
 Metaspace       used 123254K, committed 124096K, reserved 1179648K
  class space    used 16689K, committed 17088K, reserved 1048576K
}
Event: 20.403 GC heap after
{Heap after GC invocations=54 (full 0):
 garbage-first heap   total 266240K, used 165631K [0x0000000600000000, 0x0000000800000000)
  region size 4096K, 1 young (4096K), 1 survivors (4096K)
 Metaspace       used 123254K, committed 124096K, reserved 1179648K
  class space    used 16689K, committed 17088K, reserved 1048576K
}
Event: 21.096 GC heap before
{Heap before GC invocations=54 (full 0):
 garbage-first heap   total 266240K, used 218879K [0x0000000600000000, 0x0000000800000000)
  region size 4096K, 14 young (57344K), 1 survivors (4096K)
 Metaspace       used 128072K, committed 128896K, reserved 1179648K
  class space    used 17134K, committed 17536K, reserved 1048576K
}
Event: 21.100 GC heap after
{Heap after GC invocations=55 (full 0):
 garbage-first heap   total 266240K, used 170489K [0x0000000600000000, 0x0000000800000000)
  region size 4096K, 2 young (8192K), 2 survivors (8192K)
 Metaspace       used 128072K, committed 128896K, reserved 1179648K
  class space    used 17134K, committed 17536K, reserved 1048576K
}
Event: 21.498 GC heap before
{Heap before GC invocations=55 (full 0):
 garbage-first heap   total 266240K, used 215545K [0x0000000600000000, 0x0000000800000000)
  region size 4096K, 14 young (57344K), 2 survivors (8192K)
 Metaspace       used 134368K, committed 135296K, reserved 1179648K
  class space    used 17897K, committed 18304K, reserved 1048576K
}
Event: 21.501 GC heap after
{Heap after GC invocations=56 (full 0):
 garbage-first heap   total 266240K, used 173173K [0x0000000600000000, 0x0000000800000000)
  region size 4096K, 1 young (4096K), 1 survivors (4096K)
 Metaspace       used 134368K, committed 135296K, reserved 1179648K
  class space    used 17897K, committed 18304K, reserved 1048576K
}
Event: 21.647 GC heap before
{Heap before GC invocations=56 (full 0):
 garbage-first heap   total 266240K, used 185461K [0x0000000600000000, 0x0000000800000000)
  region size 4096K, 5 young (20480K), 1 survivors (4096K)
 Metaspace       used 136656K, committed 137600K, reserved 1179648K
  class space    used 18052K, committed 18496K, reserved 1048576K
}
Event: 21.649 GC heap after
{Heap after GC invocations=57 (full 0):
 garbage-first heap   total 266240K, used 173015K [0x0000000600000000, 0x0000000800000000)
  region size 4096K, 1 young (4096K), 1 survivors (4096K)
 Metaspace       used 136656K, committed 137600K, reserved 1179648K
  class space    used 18052K, committed 18496K, reserved 1048576K
}
Event: 22.329 GC heap before
{Heap before GC invocations=58 (full 0):
 garbage-first heap   total 307200K, used 218071K [0x0000000600000000, 0x0000000800000000)
  region size 4096K, 12 young (49152K), 1 survivors (4096K)
 Metaspace       used 142841K, committed 143808K, reserved 1179648K
  class space    used 18641K, committed 19072K, reserved 1048576K
}
Event: 22.331 GC heap after
{Heap after GC invocations=59 (full 0):
 garbage-first heap   total 307200K, used 174217K [0x0000000600000000, 0x0000000800000000)
  region size 4096K, 1 young (4096K), 1 survivors (4096K)
 Metaspace       used 142841K, committed 143808K, reserved 1179648K
  class space    used 18641K, committed 19072K, reserved 1048576K
}
Event: 22.451 GC heap before
{Heap before GC invocations=59 (full 0):
 garbage-first heap   total 307200K, used 182409K [0x0000000600000000, 0x0000000800000000)
  region size 4096K, 3 young (12288K), 1 survivors (4096K)
 Metaspace       used 143691K, committed 144640K, reserved 1179648K
  class space    used 18750K, committed 19200K, reserved 1048576K
}
Event: 22.453 GC heap after
{Heap after GC invocations=60 (full 0):
 garbage-first heap   total 307200K, used 172840K [0x0000000600000000, 0x0000000800000000)
  region size 4096K, 1 young (4096K), 1 survivors (4096K)
 Metaspace       used 143691K, committed 144640K, reserved 1179648K
  class space    used 18750K, committed 19200K, reserved 1048576K
}
Event: 23.031 GC heap before
{Heap before GC invocations=60 (full 0):
 garbage-first heap   total 307200K, used 258856K [0x0000000600000000, 0x0000000800000000)
  region size 4096K, 22 young (90112K), 1 survivors (4096K)
 Metaspace       used 150005K, committed 150976K, reserved 1179648K
  class space    used 19766K, committed 20224K, reserved 1048576K
}
Event: 23.034 GC heap after
{Heap after GC invocations=61 (full 0):
 garbage-first heap   total 307200K, used 175882K [0x0000000600000000, 0x0000000800000000)
  region size 4096K, 2 young (8192K), 2 survivors (8192K)
 Metaspace       used 150005K, committed 150976K, reserved 1179648K
  class space    used 19766K, committed 20224K, reserved 1048576K
}
Event: 23.617 GC heap before
{Heap before GC invocations=62 (full 0):
 garbage-first heap   total 315392K, used 257802K [0x0000000600000000, 0x0000000800000000)
  region size 4096K, 22 young (90112K), 2 survivors (8192K)
 Metaspace       used 155550K, committed 156608K, reserved 1245184K
  class space    used 20522K, committed 20992K, reserved 1048576K
}
Event: 23.620 GC heap after
{Heap after GC invocations=63 (full 0):
 garbage-first heap   total 315392K, used 179165K [0x0000000600000000, 0x0000000800000000)
  region size 4096K, 3 young (12288K), 3 survivors (12288K)
 Metaspace       used 155550K, committed 156608K, reserved 1245184K
  class space    used 20522K, committed 20992K, reserved 1048576K
}
Event: 23.652 GC heap before
{Heap before GC invocations=63 (full 0):
 garbage-first heap   total 315392K, used 183261K [0x0000000600000000, 0x0000000800000000)
  region size 4096K, 4 young (16384K), 3 survivors (12288K)
 Metaspace       used 155755K, committed 156736K, reserved 1245184K
  class space    used 20550K, committed 20992K, reserved 1048576K
}
Event: 23.656 GC heap after
{Heap after GC invocations=64 (full 0):
 garbage-first heap   total 315392K, used 178418K [0x0000000600000000, 0x0000000800000000)
  region size 4096K, 1 young (4096K), 1 survivors (4096K)
 Metaspace       used 155755K, committed 156736K, reserved 1245184K
  class space    used 20550K, committed 20992K, reserved 1048576K
}

